\BOOKMARK [0][-]{chapter.1}{Introduction}{}% 1
\BOOKMARK [1][-]{section.1.1}{Trends in Wireless Networking}{chapter.1}% 2
\BOOKMARK [1][-]{section.1.2}{Virtualization, Virtualized Wireless Networks, and the Networks without Borders Paradigm}{chapter.1}% 3
\BOOKMARK [2][-]{subsection.1.2.1}{Virtualization and the Network Value Chain}{section.1.2}% 4
\BOOKMARK [2][-]{subsection.1.2.2}{Virtualization Architecture in this Work}{section.1.2}% 5
\BOOKMARK [1][-]{section.1.3}{Review of Optimization Methods}{chapter.1}% 6
\BOOKMARK [2][-]{subsection.1.3.1}{Stochastic Programming}{section.1.3}% 7
\BOOKMARK [2][-]{subsection.1.3.2}{Metaheuristic Approaches}{section.1.3}% 8
\BOOKMARK [1][-]{section.1.4}{Thesis Objective}{chapter.1}% 9
\BOOKMARK [1][-]{section.1.5}{Thesis Outline}{chapter.1}% 10
\BOOKMARK [0][-]{chapter.2}{Virtual Network Builder Model}{}% 11
\BOOKMARK [1][-]{section.2.1}{Network Area Definitions}{chapter.2}% 12
\BOOKMARK [2][-]{subsection.2.1.1}{Example Demand Distribution Model; The SSLT Model}{section.2.1}% 13
\BOOKMARK [1][-]{section.2.2}{Stochastic Optimization}{chapter.2}% 14
\BOOKMARK [0][-]{chapter.3}{Approximation Approaches}{}% 15
\BOOKMARK [1][-]{section.3.1}{Deterministic Equivalent Program}{chapter.3}% 16
\BOOKMARK [2][-]{subsection.3.1.1}{Sampling Approaches}{section.3.1}% 17
\BOOKMARK [2][-]{subsection.3.1.2}{Adaptive Slicing}{section.3.1}% 18
\BOOKMARK [1][-]{section.3.2}{Genetic Algorithm}{chapter.3}% 19
\BOOKMARK [0][-]{chapter.4}{Testing and Simulations}{}% 20
\BOOKMARK [1][-]{section.4.1}{VWN Construction for a Single SP}{chapter.4}% 21
\BOOKMARK [2][-]{subsection.4.1.1}{Case I: Homogeneous Urban Cellular Network}{section.4.1}% 22
\BOOKMARK [2][-]{subsection.4.1.2}{Case II: Impact of Heterogeneous Resources}{section.4.1}% 23
\BOOKMARK [1][-]{section.4.2}{VWN Construction for Multiple SPs}{chapter.4}% 24
\BOOKMARK [2][-]{subsection.4.2.1}{Case III: Two Similar Urban Cellular Networks}{section.4.2}% 25
\BOOKMARK [2][-]{subsection.4.2.2}{Case IV: SPs with Specialized Demands}{section.4.2}% 26
\BOOKMARK [0][-]{chapter.5}{Conclusions}{}% 27
\BOOKMARK [1][-]{section.5.1}{Considerations for Future Work}{chapter.5}% 28
